Determining if the pthread_create exist failed with the following output:
Change Dir: /home/antoine/cdr_extra/ros_ws/build/CMakeFiles/CMakeTmp

Run Build Command:"/usr/bin/make" "cmTC_7c58c/fast"
/usr/bin/make -f CMakeFiles/cmTC_7c58c.dir/build.make CMakeFiles/cmTC_7c58c.dir/build
make[1]: Entering directory '/home/antoine/cdr_extra/ros_ws/build/CMakeFiles/CMakeTmp'
Building C object CMakeFiles/cmTC_7c58c.dir/CheckSymbolExists.c.o
/usr/bin/cc    -o CMakeFiles/cmTC_7c58c.dir/CheckSymbolExists.c.o   -c /home/antoine/cdr_extra/ros_ws/build/CMakeFiles/CMakeTmp/CheckSymbolExists.c
Linking C executable cmTC_7c58c
/usr/bin/cmake -E cmake_link_script CMakeFiles/cmTC_7c58c.dir/link.txt --verbose=1
/usr/bin/cc      -rdynamic CMakeFiles/cmTC_7c58c.dir/CheckSymbolExists.c.o  -o cmTC_7c58c 
CMakeFiles/cmTC_7c58c.dir/CheckSymbolExists.c.o: In function `main':
CheckSymbolExists.c:(.text+0x1b): undefined reference to `pthread_create'
collect2: error: ld returned 1 exit status
CMakeFiles/cmTC_7c58c.dir/build.make:97: recipe for target 'cmTC_7c58c' failed
make[1]: *** [cmTC_7c58c] Error 1
make[1]: Leaving directory '/home/antoine/cdr_extra/ros_ws/build/CMakeFiles/CMakeTmp'
Makefile:126: recipe for target 'cmTC_7c58c/fast' failed
make: *** [cmTC_7c58c/fast] Error 2

File /home/antoine/cdr_extra/ros_ws/build/CMakeFiles/CMakeTmp/CheckSymbolExists.c:
/* */
#include <pthread.h>

int main(int argc, char** argv)
{
  (void)argv;
#ifndef pthread_create
  return ((int*)(&pthread_create))[argc];
#else
  (void)argc;
  return 0;
#endif
}

Determining if the function pthread_create exists in the pthreads failed with the following output:
Change Dir: /home/antoine/cdr_extra/ros_ws/build/CMakeFiles/CMakeTmp

Run Build Command:"/usr/bin/make" "cmTC_9ca2a/fast"
/usr/bin/make -f CMakeFiles/cmTC_9ca2a.dir/build.make CMakeFiles/cmTC_9ca2a.dir/build
make[1]: Entering directory '/home/antoine/cdr_extra/ros_ws/build/CMakeFiles/CMakeTmp'
Building C object CMakeFiles/cmTC_9ca2a.dir/CheckFunctionExists.c.o
/usr/bin/cc   -DCHECK_FUNCTION_EXISTS=pthread_create   -o CMakeFiles/cmTC_9ca2a.dir/CheckFunctionExists.c.o   -c /usr/share/cmake-3.10/Modules/CheckFunctionExists.c
Linking C executable cmTC_9ca2a
/usr/bin/cmake -E cmake_link_script CMakeFiles/cmTC_9ca2a.dir/link.txt --verbose=1
/usr/bin/cc  -DCHECK_FUNCTION_EXISTS=pthread_create    -rdynamic CMakeFiles/cmTC_9ca2a.dir/CheckFunctionExists.c.o  -o cmTC_9ca2a -lpthreads 
/usr/bin/ld: cannot find -lpthreads
collect2: error: ld returned 1 exit status
CMakeFiles/cmTC_9ca2a.dir/build.make:97: recipe for target 'cmTC_9ca2a' failed
make[1]: *** [cmTC_9ca2a] Error 1
make[1]: Leaving directory '/home/antoine/cdr_extra/ros_ws/build/CMakeFiles/CMakeTmp'
Makefile:126: recipe for target 'cmTC_9ca2a/fast' failed
make: *** [cmTC_9ca2a/fast] Error 2


